<?xml version="1.0" encoding="UTF-8"?>
<testng-results skipped="0" failed="1" total="3" passed="2">
  <reporter-output>
    <line>
      <![CDATA[chrome]]>
    </line>
    <line>
      <![CDATA[internet explorer]]>
    </line>
    <line>
      <![CDATA[firefox]]>
    </line>
    <line>
      <![CDATA[Openend Google Page]]>
    </line>
    <line>
      <![CDATA[Closed Google Page]]>
    </line>
    <line>
      <![CDATA[Openend Google Page]]>
    </line>
    <line>
      <![CDATA[Closed Google Page]]>
    </line>
  </reporter-output>
  <suite name="Suite" duration-ms="21799" started-at="2016-07-16T11:37:01Z" finished-at="2016-07-16T11:37:23Z">
    <groups>
    </groups>
    <test name="TestIE" duration-ms="3244" started-at="2016-07-16T11:37:01Z" finished-at="2016-07-16T11:37:04Z">
      <class name="com.qspiders.grid.GridDemoB">
        <test-method status="PASS" signature="test(org.testng.xml.XmlTest)[pri:0, instance:com.qspiders.grid.GridDemoB@58651fd0]" name="test" duration-ms="3215" started-at="2016-07-16T17:07:01Z" finished-at="2016-07-16T17:07:04Z">
          <params>
            <param index="0">
              <value>
                <![CDATA[[Test: "TestIE" verbose:1[parameters:browser=>internet explorerurl=>http://10.10.4.98:4455/wd/hub][metagroups:] [included: ][excluded: ]  classes:[XmlClass class=com.qspiders.grid.GridDemoB]  packages:] ]]>
              </value>
            </param>
          </params>
          <reporter-output>
            <line>
              <![CDATA[internet explorer]]>
            </line>
            <line>
              <![CDATA[Openend Google Page]]>
            </line>
            <line>
              <![CDATA[Closed Google Page]]>
            </line>
          </reporter-output>
        </test-method> <!-- test -->
      </class> <!-- com.qspiders.grid.GridDemoB -->
    </test> <!-- TestIE -->
    <test name="TestFF" duration-ms="8832" started-at="2016-07-16T11:37:01Z" finished-at="2016-07-16T11:37:10Z">
      <class name="com.qspiders.grid.GridDemoB">
        <test-method status="PASS" signature="test(org.testng.xml.XmlTest)[pri:0, instance:com.qspiders.grid.GridDemoB@1efbd816]" name="test" duration-ms="8802" started-at="2016-07-16T17:07:01Z" finished-at="2016-07-16T17:07:10Z">
          <params>
            <param index="0">
              <value>
                <![CDATA[[Test: "TestFF" verbose:1[parameters:browser=>firefoxurl=>http://10.10.4.56:4444/wd/hub][metagroups:] [included: ][excluded: ]  classes:[XmlClass class=com.qspiders.grid.GridDemoB]  packages:] ]]>
              </value>
            </param>
          </params>
          <reporter-output>
            <line>
              <![CDATA[firefox]]>
            </line>
            <line>
              <![CDATA[Openend Google Page]]>
            </line>
            <line>
              <![CDATA[Closed Google Page]]>
            </line>
          </reporter-output>
        </test-method> <!-- test -->
      </class> <!-- com.qspiders.grid.GridDemoB -->
    </test> <!-- TestFF -->
    <test name="TestGC" duration-ms="21799" started-at="2016-07-16T11:37:01Z" finished-at="2016-07-16T11:37:23Z">
      <class name="com.qspiders.grid.GridDemoB">
        <test-method status="FAIL" signature="test(org.testng.xml.XmlTest)[pri:0, instance:com.qspiders.grid.GridDemoB@5034c75a]" name="test" duration-ms="21751" started-at="2016-07-16T17:07:01Z" finished-at="2016-07-16T17:07:23Z">
          <params>
            <param index="0">
              <value>
                <![CDATA[[Test: "TestGC" verbose:1[parameters:browser=>chromeurl=>http://10.10.4.82:4444/wd/hub][metagroups:] [included: ][excluded: ]  classes:[XmlClass class=com.qspiders.grid.GridDemoB]  packages:] ]]>
              </value>
            </param>
          </params>
          <exception class="org.openqa.selenium.remote.UnreachableBrowserException">
            <message>
              <![CDATA[Could not start a new session. Possible causes are invalid address of the remote server or browser start-up failure.
Build info: version: '2.53.0', revision: '35ae25b', time: '2016-03-15 17:00:58'
System info: host: 'CBT-020', ip: '10.10.4.98', os.name: 'Windows 8.1', os.arch: 'amd64', os.version: '6.3', java.version: '1.8.0_73'
Driver info: driver.version: RemoteWebDriver]]>
            </message>
            <full-stacktrace>
              <![CDATA[org.openqa.selenium.remote.UnreachableBrowserException: Could not start a new session. Possible causes are invalid address of the remote server or browser start-up failure.
Build info: version: '2.53.0', revision: '35ae25b', time: '2016-03-15 17:00:58'
System info: host: 'CBT-020', ip: '10.10.4.98', os.name: 'Windows 8.1', os.arch: 'amd64', os.version: '6.3', java.version: '1.8.0_73'
Driver info: driver.version: RemoteWebDriver
	at org.openqa.selenium.remote.RemoteWebDriver.execute(RemoteWebDriver.java:665)
	at org.openqa.selenium.remote.RemoteWebDriver.startSession(RemoteWebDriver.java:249)
	at org.openqa.selenium.remote.RemoteWebDriver.<init>(RemoteWebDriver.java:131)
	at org.openqa.selenium.remote.RemoteWebDriver.<init>(RemoteWebDriver.java:158)
	at com.qspiders.grid.GridDemoB.test(GridDemoB.java:35)
	at sun.reflect.NativeMethodAccessorImpl.invoke0(Native Method)
	at sun.reflect.NativeMethodAccessorImpl.invoke(NativeMethodAccessorImpl.java:62)
	at sun.reflect.DelegatingMethodAccessorImpl.invoke(DelegatingMethodAccessorImpl.java:43)
	at java.lang.reflect.Method.invoke(Method.java:497)
	at org.testng.internal.MethodInvocationHelper.invokeMethod(MethodInvocationHelper.java:86)
	at org.testng.internal.Invoker.invokeMethod(Invoker.java:646)
	at org.testng.internal.Invoker.invokeTestMethod(Invoker.java:823)
	at org.testng.internal.Invoker.invokeTestMethods(Invoker.java:1131)
	at org.testng.internal.TestMethodWorker.invokeTestMethods(TestMethodWorker.java:129)
	at org.testng.internal.TestMethodWorker.run(TestMethodWorker.java:112)
	at org.testng.TestRunner.privateRun(TestRunner.java:778)
	at org.testng.TestRunner.run(TestRunner.java:632)
	at org.testng.SuiteRunner.runTest(SuiteRunner.java:366)
	at org.testng.SuiteRunner.access$000(SuiteRunner.java:39)
	at org.testng.SuiteRunner$SuiteWorker.run(SuiteRunner.java:400)
	at org.testng.internal.thread.ThreadUtil$2.call(ThreadUtil.java:64)
	at java.util.concurrent.FutureTask.run(FutureTask.java:266)
	at java.util.concurrent.ThreadPoolExecutor.runWorker(ThreadPoolExecutor.java:1142)
	at java.util.concurrent.ThreadPoolExecutor$Worker.run(ThreadPoolExecutor.java:617)
	at java.lang.Thread.run(Thread.java:745)
Caused by: org.apache.http.conn.HttpHostConnectException: Connect to 10.10.4.82:4444 [/10.10.4.82] failed: Connection timed out: connect
	at org.apache.http.impl.conn.DefaultHttpClientConnectionOperator.connect(DefaultHttpClientConnectionOperator.java:151)
	at org.apache.http.impl.conn.PoolingHttpClientConnectionManager.connect(PoolingHttpClientConnectionManager.java:353)
	at org.apache.http.impl.execchain.MainClientExec.establishRoute(MainClientExec.java:380)
	at org.apache.http.impl.execchain.MainClientExec.execute(MainClientExec.java:236)
	at org.apache.http.impl.execchain.ProtocolExec.execute(ProtocolExec.java:184)
	at org.apache.http.impl.execchain.RetryExec.execute(RetryExec.java:88)
	at org.apache.http.impl.execchain.RedirectExec.execute(RedirectExec.java:110)
	at org.apache.http.impl.client.InternalHttpClient.doExecute(InternalHttpClient.java:184)
	at org.apache.http.impl.client.CloseableHttpClient.execute(CloseableHttpClient.java:71)
	at org.apache.http.impl.client.CloseableHttpClient.execute(CloseableHttpClient.java:55)
	at org.openqa.selenium.remote.internal.ApacheHttpClient.fallBackExecute(ApacheHttpClient.java:144)
	at org.openqa.selenium.remote.internal.ApacheHttpClient.execute(ApacheHttpClient.java:90)
	at org.openqa.selenium.remote.HttpCommandExecutor.execute(HttpCommandExecutor.java:142)
	at org.openqa.selenium.remote.RemoteWebDriver.execute(RemoteWebDriver.java:644)
	... 24 more
Caused by: java.net.ConnectException: Connection timed out: connect
	at java.net.DualStackPlainSocketImpl.waitForConnect(Native Method)
	at java.net.DualStackPlainSocketImpl.socketConnect(DualStackPlainSocketImpl.java:85)
	at java.net.AbstractPlainSocketImpl.doConnect(AbstractPlainSocketImpl.java:350)
	at java.net.AbstractPlainSocketImpl.connectToAddress(AbstractPlainSocketImpl.java:206)
	at java.net.AbstractPlainSocketImpl.connect(AbstractPlainSocketImpl.java:188)
	at java.net.PlainSocketImpl.connect(PlainSocketImpl.java:172)
	at java.net.SocksSocketImpl.connect(SocksSocketImpl.java:392)
	at java.net.Socket.connect(Socket.java:589)
	at org.apache.http.conn.socket.PlainConnectionSocketFactory.connectSocket(PlainConnectionSocketFactory.java:74)
	at org.apache.http.impl.conn.DefaultHttpClientConnectionOperator.connect(DefaultHttpClientConnectionOperator.java:134)
	... 37 more
]]>
            </full-stacktrace>
          </exception> <!-- org.openqa.selenium.remote.UnreachableBrowserException -->
          <reporter-output>
            <line>
              <![CDATA[chrome]]>
            </line>
          </reporter-output>
        </test-method> <!-- test -->
      </class> <!-- com.qspiders.grid.GridDemoB -->
    </test> <!-- TestGC -->
  </suite> <!-- Suite -->
</testng-results>
